==> Installing environment-modules
==> Searching for binary cache of environment-modules
==> Finding buildcaches in /Dropbox/2nd-generation/spacktivity/new-mirror/build_cache
==> Fetching file:///Dropbox/2nd-generation/spacktivity/new-mirror/build_cache/linux-fedora31-x86_64-gcc-9.2.1-environment-modules-4.4.1-exhv6ays4ztfk4z6sm6fdbnkbm73kxp3.spec.yaml
curl: (37) Couldn't open file /Dropbox/2nd-generation/spacktivity/new-mirror/build_cache/linux-fedora31-x86_64-gcc-9.2.1-environment-modules-4.4.1-exhv6ays4ztfk4z6sm6fdbnkbm73kxp3.spec.yaml
==> Failed to fetch file from URL: file:///Dropbox/2nd-generation/spacktivity/new-mirror/build_cache/linux-fedora31-x86_64-gcc-9.2.1-environment-modules-4.4.1-exhv6ays4ztfk4z6sm6fdbnkbm73kxp3.spec.yaml
    Curl failed with error 37
==> Fetching from file:///Dropbox/2nd-generation/spacktivity/new-mirror/build_cache/linux-fedora31-x86_64-gcc-9.2.1-environment-modules-4.4.1-exhv6ays4ztfk4z6sm6fdbnkbm73kxp3.spec.yaml failed.
==> No binary for environment-modules found: installing from source
==> Fetching file:///Dropbox/2nd-generation/spacktivity/new-mirror/environment-modules/environment-modules-4.4.1.tar.gz
curl: (37) Couldn't open file /Dropbox/2nd-generation/spacktivity/new-mirror/environment-modules/environment-modules-4.4.1.tar.gz
==> Failed to fetch file from URL: file:///Dropbox/2nd-generation/spacktivity/new-mirror/environment-modules/environment-modules-4.4.1.tar.gz
    Curl failed with error 37
==> Fetching from file:///Dropbox/2nd-generation/spacktivity/new-mirror/environment-modules/environment-modules-4.4.1.tar.gz failed.
==> Fetching file:///Dropbox/2nd-generation/spacktivity/new-mirror/_source-cache/archive/3c/3c20cfb2ff8a4d74ac6d566e7b5fa9dd220d96d17e6d8a4ae29b1ec0107ee407.tar.gz
##################################################################################################################### 100.0%
==> Staging archive: /tmp/root/spack-stage/spack-stage-environment-modules-4.4.1-exhv6ays4ztfk4z6sm6fdbnkbm73kxp3/modules-4.4.1.tar.gz
==> Created stage in /tmp/root/spack-stage/spack-stage-environment-modules-4.4.1-exhv6ays4ztfk4z6sm6fdbnkbm73kxp3
==> No patches needed for environment-modules
==> Building environment-modules [Package]
==> Executing phase: 'install'
==> Error: ProcessError: Command exited with status 1:
    './configure' '--without-x' '--prefix=/home/dantopa/scratch/spacktivity/fedora-spack-2020-02-03-14-30/opt/spack/linux-fedora31-x86_64/gcc-9.2.1/environment-modules-4.4.1-exhv6ays4ztfk4z6sm6fdbnkbm73kxp3' '--without-tclx' '--with-tclx-ver=0.0' '--with-tcl=/home/dantopa/scratch/spacktivity/fedora-spack-2020-02-03-14-30/opt/spack/linux-fedora31-x86_64/gcc-9.2.1/tcl-8.6.8-sil4xfuqipoksydegefnmxoxkjmp23tn/lib' '--with-tcl-ver=8.6' '--disable-dependency-tracking' '--disable-silent-rules' '--disable-versioning' '--datarootdir=/home/dantopa/scratch/spacktivity/fedora-spack-2020-02-03-14-30/opt/spack/linux-fedora31-x86_64/gcc-9.2.1/environment-modules-4.4.1-exhv6ays4ztfk4z6sm6fdbnkbm73kxp3/share' '--with-icase=search' '--enable-extended-default' '--enable-advanced-version-spec' '--enable-color' '--enable-auto-handling' '--with-quarantine-vars=LD_LIBRARY_PATH' '--disable-compat-version' '--with-tclsh=/home/dantopa/scratch/spacktivity/fedora-spack-2020-02-03-14-30/opt/spack/linux-fedora31-x86_64/gcc-9.2.1/tcl-8.6.8-sil4xfuqipoksydegefnmxoxkjmp23tn/bin/tclsh'

2 warnings found in build log:
     1    ==> Executing phase: 'install'
     2    ==> [2020-02-03-14:32:56.735664] './configure' '--without-x' '--prefix=/home/dantopa/scratch/spacktivity/fedora-s
          pack-2020-02-03-14-30/opt/spack/linux-fedora31-x86_64/gcc-9.2.1/environment-modules-4.4.1-exhv6ays4ztfk4z6sm6fdbn
          kbm73kxp3' '--without-tclx' '--with-tclx-ver=0.0' '--with-tcl=/home/dantopa/scratch/spacktivity/fedora-spack-2020
          -02-03-14-30/opt/spack/linux-fedora31-x86_64/gcc-9.2.1/tcl-8.6.8-sil4xfuqipoksydegefnmxoxkjmp23tn/lib' '--with-tc
          l-ver=8.6' '--disable-dependency-tracking' '--disable-silent-rules' '--disable-versioning' '--datarootdir=/home/d
          antopa/scratch/spacktivity/fedora-spack-2020-02-03-14-30/opt/spack/linux-fedora31-x86_64/gcc-9.2.1/environment-mo
          dules-4.4.1-exhv6ays4ztfk4z6sm6fdbnkbm73kxp3/share' '--with-icase=search' '--enable-extended-default' '--enable-a
          dvanced-version-spec' '--enable-color' '--enable-auto-handling' '--with-quarantine-vars=LD_LIBRARY_PATH' '--disab
          le-compat-version' '--with-tclsh=/home/dantopa/scratch/spacktivity/fedora-spack-2020-02-03-14-30/opt/spack/linux-
          fedora31-x86_64/gcc-9.2.1/tcl-8.6.8-sil4xfuqipoksydegefnmxoxkjmp23tn/bin/tclsh'
     3    checking for uname... /usr/bin/uname
     4    checking for make... /usr/bin/make
     5    checking for sed... /usr/bin/sed
     6    checking for runtest... not found
  >> 7    WARNING: Install `dejagnu' if you want to run the testsuite
     8    checking for manpath... not found
  >> 9    WARNING: Will rely on MANPATH to get enabled man directories
     10   checking for /home/dantopa/scratch/spacktivity/fedora-spack-2020-02-03-14-30/opt/spack/linux-fedora31-x86_64/gcc-
          9.2.1/tcl-8.6.8-sil4xfuqipoksydegefnmxoxkjmp23tn/bin/tclsh... /home/dantopa/scratch/spacktivity/fedora-spack-2020
          -02-03-14-30/opt/spack/linux-fedora31-x86_64/gcc-9.2.1/tcl-8.6.8-sil4xfuqipoksydegefnmxoxkjmp23tn/bin/tclsh
     11   checking for ps... not found
     12   ERROR: ps could not be found

See build log for details:
  /tmp/root/spack-stage/spack-stage-environment-modules-4.4.1-exhv6ays4ztfk4z6sm6fdbnkbm73kxp3/spack-build-out.txt


Step 7: cp /Dropbox/2nd-generation/spacktivity/.* /home/dantopa
cp: -r not specified; omitting directory '/Dropbox/2nd-generation/spacktivity/.'
cp: -r not specified; omitting directory '/Dropbox/2nd-generation/spacktivity/..'

Step 8: Exit
time used = 162 s
Mon Feb  3 14:32:59 UTC 2020
[root@a0024805d102 fedora-spack-2020-02-03-14-30]# spack info environment modules
==> Error: unrecognized arguments: modules
[root@a0024805d102 fedora-spack-2020-02-03-14-30]# spack info environment-modules
Package:   environment-modules

Description:
    The Environment Modules package provides for the dynamic modification of
    a user's environment via module files.

Homepage: https://cea-hpc.github.io/modules/

Maintainers: @xdelaruelle

Tags:
    None

Preferred version:
    4.4.1     https://github.com/cea-hpc/modules/releases/download/v4.4.1/modules-4.4.1.tar.gz

Safe versions:
    4.4.1     https://github.com/cea-hpc/modules/releases/download/v4.4.1/modules-4.4.1.tar.gz
    4.4.0     https://github.com/cea-hpc/modules/releases/download/v4.4.0/modules-4.4.0.tar.gz
    4.3.1     https://github.com/cea-hpc/modules/releases/download/v4.3.1/modules-4.3.1.tar.gz
    4.3.0     https://github.com/cea-hpc/modules/releases/download/v4.3.0/modules-4.3.0.tar.gz
    4.2.5     https://github.com/cea-hpc/modules/releases/download/v4.2.5/modules-4.2.5.tar.gz
    4.2.4     https://github.com/cea-hpc/modules/releases/download/v4.2.4/modules-4.2.4.tar.gz
    4.2.3     https://github.com/cea-hpc/modules/releases/download/v4.2.3/modules-4.2.3.tar.gz
    4.2.2     https://github.com/cea-hpc/modules/releases/download/v4.2.2/modules-4.2.2.tar.gz
    4.2.1     https://github.com/cea-hpc/modules/releases/download/v4.2.1/modules-4.2.1.tar.gz
    4.2.0     https://github.com/cea-hpc/modules/releases/download/v4.2.0/modules-4.2.0.tar.gz
    4.1.4     https://github.com/cea-hpc/modules/releases/download/v4.1.4/modules-4.1.4.tar.gz
    4.1.3     https://github.com/cea-hpc/modules/releases/download/v4.1.3/modules-4.1.3.tar.gz
    4.1.2     https://github.com/cea-hpc/modules/releases/download/v4.1.2/modules-4.1.2.tar.gz
    4.1.1     https://github.com/cea-hpc/modules/releases/download/v4.1.1/modules-4.1.1.tar.gz
    4.1.0     https://github.com/cea-hpc/modules/releases/download/v4.1.0/modules-4.1.0.tar.gz
    4.0.0     https://github.com/cea-hpc/modules/releases/download/v4.0.0/modules-4.0.0.tar.gz
    3.2.10    http://prdownloads.sourceforge.net/modules/modules-3.2.10.tar.gz

Variants:
    Name [Default]    Allowed values    Description
    ==============    ==============    ==========================

    X [on]            True, False       Build with X functionality

Installation Phases:
    install

Build Dependencies:
    tcl

Link Dependencies:
    tcl

Run Dependencies:
    tcl

Virtual Packages:
    None

[root@a0024805d102 fedora-spack-2020-02-03-14-30]# spack install dejagnu
==> Installing libsigsegv
==> Searching for binary cache of libsigsegv
==> Finding buildcaches in /Dropbox/2nd-generation/spacktivity/new-mirror/build_cache
==> Fetching file:///Dropbox/2nd-generation/spacktivity/new-mirror/build_cache/linux-fedora31-haswell-gcc-9.2.1-libsigsegv-2.12-4ccu7uw4m4zfo5cal7iakqnvf7zvfpmo.spec.yaml
curl: (37) Couldn't open file /Dropbox/2nd-generation/spacktivity/new-mirror/build_cache/linux-fedora31-haswell-gcc-9.2.1-libsigsegv-2.12-4ccu7uw4m4zfo5cal7iakqnvf7zvfpmo.spec.yaml
==> Failed to fetch file from URL: file:///Dropbox/2nd-generation/spacktivity/new-mirror/build_cache/linux-fedora31-haswell-gcc-9.2.1-libsigsegv-2.12-4ccu7uw4m4zfo5cal7iakqnvf7zvfpmo.spec.yaml
    Curl failed with error 37
==> Fetching from file:///Dropbox/2nd-generation/spacktivity/new-mirror/build_cache/linux-fedora31-haswell-gcc-9.2.1-libsigsegv-2.12-4ccu7uw4m4zfo5cal7iakqnvf7zvfpmo.spec.yaml failed.
==> No binary for libsigsegv found: installing from source
==> Fetching file:///Dropbox/2nd-generation/spacktivity/new-mirror/libsigsegv/libsigsegv-2.12.tar.gz
##################################################################################################################### 100.0%
==> Staging archive: /tmp/root/spack-stage/spack-stage-libsigsegv-2.12-4ccu7uw4m4zfo5cal7iakqnvf7zvfpmo/libsigsegv-2.12.tar.gz
==> Created stage in /tmp/root/spack-stage/spack-stage-libsigsegv-2.12-4ccu7uw4m4zfo5cal7iakqnvf7zvfpmo
==> No patches needed for libsigsegv
==> Building libsigsegv [AutotoolsPackage]
==> Executing phase: 'autoreconf'
==> Executing phase: 'configure'
==> Executing phase: 'build'
==> Executing phase: 'install'
==> Successfully installed libsigsegv
  Fetch: 0.07s.  Build: 11.52s.  Total: 11.58s.
[+] /home/dantopa/scratch/spacktivity/fedora-spack-2020-02-03-14-30/opt/spack/linux-fedora31-haswell/gcc-9.2.1/libsigsegv-2.12-4ccu7uw4m4zfo5cal7iakqnvf7zvfpmo
==> Installing m4
==> Searching for binary cache of m4
==> Finding buildcaches in /Dropbox/2nd-generation/spacktivity/new-mirror/build_cache
==> Fetching file:///Dropbox/2nd-generation/spacktivity/new-mirror/build_cache/linux-fedora31-haswell-gcc-9.2.1-m4-1.4.18-ksof3tkpsamffhb6cfhx3cxkj5uxpm3x.spec.yaml
curl: (37) Couldn't open file /Dropbox/2nd-generation/spacktivity/new-mirror/build_cache/linux-fedora31-haswell-gcc-9.2.1-m4-1.4.18-ksof3tkpsamffhb6cfhx3cxkj5uxpm3x.spec.yaml
==> Failed to fetch file from URL: file:///Dropbox/2nd-generation/spacktivity/new-mirror/build_cache/linux-fedora31-haswell-gcc-9.2.1-m4-1.4.18-ksof3tkpsamffhb6cfhx3cxkj5uxpm3x.spec.yaml
    Curl failed with error 37
==> Fetching from file:///Dropbox/2nd-generation/spacktivity/new-mirror/build_cache/linux-fedora31-haswell-gcc-9.2.1-m4-1.4.18-ksof3tkpsamffhb6cfhx3cxkj5uxpm3x.spec.yaml failed.
==> No binary for m4 found: installing from source
==> Fetching file:///Dropbox/2nd-generation/spacktivity/new-mirror/m4/m4-1.4.18.tar.gz
##################################################################################################################### 100.0%
==> Fetching file:///Dropbox/2nd-generation/spacktivity/new-mirror/m4/m4-1.4.18-glibc-change-work-around.patch-fc9b616
##################################################################################################################### 100.0%
==> Staging archive: /tmp/root/spack-stage/spack-stage-m4-1.4.18-ksof3tkpsamffhb6cfhx3cxkj5uxpm3x/m4-1.4.18.tar.gz
==> Created stage in /tmp/root/spack-stage/spack-stage-m4-1.4.18-ksof3tkpsamffhb6cfhx3cxkj5uxpm3x
==> Applied patch /home/dantopa/scratch/spacktivity/fedora-spack-2020-02-03-14-30/var/spack/repos/builtin/packages/m4/gnulib-pgi.patch
==> Applied patch https://src.fedoraproject.org/rpms/m4/raw/5d147168d4b93f38a4833f5dd1d650ad88af5a8a/f/m4-1.4.18-glibc-change-work-around.patch
==> Building m4 [AutotoolsPackage]
==> Executing phase: 'autoreconf'
==> Executing phase: 'configure'
==> Executing phase: 'build'
==> Executing phase: 'install'
==> Successfully installed m4
  Fetch: 0.78s.  Build: 24.77s.  Total: 25.55s.
[+] /home/dantopa/scratch/spacktivity/fedora-spack-2020-02-03-14-30/opt/spack/linux-fedora31-haswell/gcc-9.2.1/m4-1.4.18-ksof3tkpsamffhb6cfhx3cxkj5uxpm3x
==> Installing pkgconf
==> Searching for binary cache of pkgconf
==> Finding buildcaches in /Dropbox/2nd-generation/spacktivity/new-mirror/build_cache
==> Fetching file:///Dropbox/2nd-generation/spacktivity/new-mirror/build_cache/linux-fedora31-haswell-gcc-9.2.1-pkgconf-1.6.3-42k2ojsvkmnxq3mgdtozoglmmdu4cxjz.spec.yaml
curl: (37) Couldn't open file /Dropbox/2nd-generation/spacktivity/new-mirror/build_cache/linux-fedora31-haswell-gcc-9.2.1-pkgconf-1.6.3-42k2ojsvkmnxq3mgdtozoglmmdu4cxjz.spec.yaml
==> Failed to fetch file from URL: file:///Dropbox/2nd-generation/spacktivity/new-mirror/build_cache/linux-fedora31-haswell-gcc-9.2.1-pkgconf-1.6.3-42k2ojsvkmnxq3mgdtozoglmmdu4cxjz.spec.yaml
    Curl failed with error 37
==> Fetching from file:///Dropbox/2nd-generation/spacktivity/new-mirror/build_cache/linux-fedora31-haswell-gcc-9.2.1-pkgconf-1.6.3-42k2ojsvkmnxq3mgdtozoglmmdu4cxjz.spec.yaml failed.
==> No binary for pkgconf found: installing from source
==> Fetching file:///Dropbox/2nd-generation/spacktivity/new-mirror/pkgconf/pkgconf-1.6.3.tar.xz
##################################################################################################################### 100.0%
==> Staging archive: /tmp/root/spack-stage/spack-stage-pkgconf-1.6.3-42k2ojsvkmnxq3mgdtozoglmmdu4cxjz/pkgconf-1.6.3.tar.xz
tar (child): xz: Cannot exec: No such file or directory
tar (child): Error is not recoverable: exiting now
/usr/bin/tar: Child returned status 2
/usr/bin/tar: Error is not recoverable: exiting now
==> Error: ProcessError: Command exited with status 2:
    '/usr/bin/tar' '-xf' '/tmp/root/spack-stage/spack-stage-pkgconf-1.6.3-42k2ojsvkmnxq3mgdtozoglmmdu4cxjz/pkgconf-1.6.3.tar.xz'
[root@a0024805d102 fedora-spack-2020-02-03-14-30]# spack install pkg-config
==> Installing pkg-config
==> Searching for binary cache of pkg-config
==> Finding buildcaches in /Dropbox/2nd-generation/spacktivity/new-mirror/build_cache
==> Fetching file:///Dropbox/2nd-generation/spacktivity/new-mirror/build_cache/linux-fedora31-haswell-gcc-9.2.1-pkg-config-0.29.2-j5r5p2z6mjfhfpz7jog6m27xzoi6bkod.spec.yaml
curl: (37) Couldn't open file /Dropbox/2nd-generation/spacktivity/new-mirror/build_cache/linux-fedora31-haswell-gcc-9.2.1-pkg-config-0.29.2-j5r5p2z6mjfhfpz7jog6m27xzoi6bkod.spec.yaml
==> Failed to fetch file from URL: file:///Dropbox/2nd-generation/spacktivity/new-mirror/build_cache/linux-fedora31-haswell-gcc-9.2.1-pkg-config-0.29.2-j5r5p2z6mjfhfpz7jog6m27xzoi6bkod.spec.yaml
    Curl failed with error 37
==> Fetching from file:///Dropbox/2nd-generation/spacktivity/new-mirror/build_cache/linux-fedora31-haswell-gcc-9.2.1-pkg-config-0.29.2-j5r5p2z6mjfhfpz7jog6m27xzoi6bkod.spec.yaml failed.
==> No binary for pkg-config found: installing from source
==> Fetching file:///Dropbox/2nd-generation/spacktivity/new-mirror/pkg-config/pkg-config-0.29.2.tar.gz
##################################################################################################################### 100.0%
==> Staging archive: /tmp/root/spack-stage/spack-stage-pkg-config-0.29.2-j5r5p2z6mjfhfpz7jog6m27xzoi6bkod/pkg-config-0.29.2.tar.gz
==> Created stage in /tmp/root/spack-stage/spack-stage-pkg-config-0.29.2-j5r5p2z6mjfhfpz7jog6m27xzoi6bkod
==> No patches needed for pkg-config
==> Building pkg-config [AutotoolsPackage]
==> Executing phase: 'autoreconf'
==> Executing phase: 'configure'
==> Executing phase: 'build'
==> Error: ProcessError: Command exited with status 2:
    'make'

6 errors found in build log:
     44     checking for strip... strip
     45     checking for ranlib... ranlib
     46     checking command to parse /usr/bin/nm -B output from /home/dantopa/scratch/spacktivity/fedora-spack-2020-02-03-
            14-30/lib/spack/env/gcc/gcc object... ok
     47     checking for sysroot... no
     48     checking for a working dd... /usr/bin/dd
     49     checking how to truncate binary pipes... /usr/bin/dd bs=4096 count=1
  >> 50     /tmp/root/spack-stage/spack-stage-pkg-config-0.29.2-j5r5p2z6mjfhfpz7jog6m27xzoi6bkod/spack-src/configure: line
            6445: /usr/bin/file: No such file or directory
     51     checking for mt... no
     52     checking if : is a manifest tool... no
     53     checking how to run the C preprocessor... /home/dantopa/scratch/spacktivity/fedora-spack-2020-02-03-14-30/lib/s
            pack/env/gcc/gcc -E
     54     checking for ANSI C header files... yes
     55     checking for sys/types.h... yes
     56     checking for sys/stat.h... yes

     ...

     208    checking for strip... strip
     209    checking for ranlib... ranlib
     210    checking command to parse /usr/bin/nm -B output from /home/dantopa/scratch/spacktivity/fedora-spack-2020-02-03-
            14-30/lib/spack/env/gcc/gcc object... ok
     211    checking for sysroot... no
     212    checking for a working dd... /usr/bin/dd
     213    checking how to truncate binary pipes... /usr/bin/dd bs=4096 count=1
  >> 214    ./configure: line 9764: /usr/bin/file: No such file or directory
     215    checking for mt... no
     216    checking if : is a manifest tool... no
     217    checking for dlfcn.h... yes
     218    checking for objdir... .libs
     219    checking if /home/dantopa/scratch/spacktivity/fedora-spack-2020-02-03-14-30/lib/spack/env/gcc/gcc supports -fno
            -rtti -fno-exceptions... no
     220    checking for /home/dantopa/scratch/spacktivity/fedora-spack-2020-02-03-14-30/lib/spack/env/gcc/gcc option to pr
            oduce PIC... -fPIC -DPIC

     ...

     701      CC       pkg.o
     702      CC       parse.o
     703      CC       rpmvercmp.o
     704      CC       main.o
     705      CCLD     pkg-config
     706    /usr/bin/ld: ./glib/glib/.libs/libglib-2.0.a(libglib_2_0_la-gcharset.o): in function `get_alias_hash':
  >> 707    /tmp/root/spack-stage/spack-stage-pkg-config-0.29.2-j5r5p2z6mjfhfpz7jog6m27xzoi6bkod/spack-src/glib/glib/gchars
            et.c:54: undefined reference to `_g_locale_get_charset_aliases'
     708    /usr/bin/ld: ./glib/glib/.libs/libglib-2.0.a(libglib_2_0_la-gcharset.o): in function `g_get_charset':
  >> 709    /tmp/root/spack-stage/spack-stage-pkg-config-0.29.2-j5r5p2z6mjfhfpz7jog6m27xzoi6bkod/spack-src/glib/glib/gchars
            et.c:193: undefined reference to `_g_locale_charset_raw'
     710    /usr/bin/ld: ./glib/glib/.libs/libglib-2.0.a(libglib_2_0_la-gcharset.o): in function `g_utf8_get_charset_intern
            al':
  >> 711    /tmp/root/spack-stage/spack-stage-pkg-config-0.29.2-j5r5p2z6mjfhfpz7jog6m27xzoi6bkod/spack-src/glib/glib/gchars
            et.c:119: undefined reference to `_g_locale_charset_unalias'
  >> 712    collect2: error: ld returned 1 exit status
     713    make[2]: *** [Makefile:572: pkg-config] Error 1
     714    make[2]: Leaving directory '/tmp/root/spack-stage/spack-stage-pkg-config-0.29.2-j5r5p2z6mjfhfpz7jog6m27xzoi6bko
            d/spack-src'
     715    make[1]: *** [Makefile:707: all-recursive] Error 1
     716    make[1]: Leaving directory '/tmp/root/spack-stage/spack-stage-pkg-config-0.29.2-j5r5p2z6mjfhfpz7jog6m27xzoi6bko
            d/spack-src'
     717    make: *** [Makefile:463: all] Error 2

See build log for details:
  /tmp/root/spack-stage/spack-stage-pkg-config-0.29.2-j5r5p2z6mjfhfpz7jog6m27xzoi6bkod/spack-build-out.txt
