Step 12: spack install chapel  % gcc@9.2.1 arch=linux-ubuntu20.04-haswell
==> Installing chapel
==> Searching for binary cache of chapel
==> Finding buildcaches in /Dropbox/2nd-generation/spacktivity/new-mirror/build_cache
==> Fetching file:///Dropbox/2nd-generation/spacktivity/new-mirror/build_cache/linux-ubuntu20.04-haswell-gcc-9.2.1-chapel-1.20.0-kakxadtyo6ixdlkzoeumenwusispdn2q.spec.yaml
curl: (37) Couldn't open file /Dropbox/2nd-generation/spacktivity/new-mirror/build_cache/linux-ubuntu20.04-haswell-gcc-9.2.1-chapel-1.20.0-kakxadtyo6ixdlkzoeumenwusispdn2q.spec.yaml
==> Failed to fetch file from URL: file:///Dropbox/2nd-generation/spacktivity/new-mirror/build_cache/linux-ubuntu20.04-haswell-gcc-9.2.1-chapel-1.20.0-kakxadtyo6ixdlkzoeumenwusispdn2q.spec.yaml
    Curl failed with error 37
==> Fetching from file:///Dropbox/2nd-generation/spacktivity/new-mirror/build_cache/linux-ubuntu20.04-haswell-gcc-9.2.1-chapel-1.20.0-kakxadtyo6ixdlkzoeumenwusispdn2q.spec.yaml failed.
==> No binary for chapel found: installing from source
==> Fetching file:///Dropbox/2nd-generation/spacktivity/new-mirror/chapel/chapel-1.20.0.tar.gz
######################################################################################################################################################################################################### 100.0%
==> Staging archive: /tmp/root/spack-stage/spack-stage-chapel-1.20.0-kakxadtyo6ixdlkzoeumenwusispdn2q/chapel-1.20.0.tar.gz
==> Created stage in /tmp/root/spack-stage/spack-stage-chapel-1.20.0-kakxadtyo6ixdlkzoeumenwusispdn2q
==> No patches needed for chapel
==> Building chapel [AutotoolsPackage]
==> Executing phase: 'autoreconf'
==> Executing phase: 'configure'
==> Executing phase: 'build'
==> Error: ProcessError: Command exited with status 2:
    'make' '-j12'

5 errors found in build log:
  >> 4     /usr/bin/env: 'python': No such file or directory
     5
     6       Currently selected Chapel configuration:
     7
  >> 8     /usr/bin/env: 'python': No such file or directory
     9
     10      Selected installation options:
     11
     12    PREFIX: /home/dantopa/scratch/spacktivity/ubuntu-spack-2020-02-01-00-38/opt/spack/linux-ubuntu20.04-haswell/gcc-9.2.1/chapel-1.20.0-kakxadtyo6ixdlkzoeumenwusispdn2q
     13
     14      To change the selected Chapel configuration, set environment variables.

     ...

     27
     28    make check
     29
     30    ==> Executing phase: 'build'
     31    ==> [2020-02-01-17:11:47.318195] 'make' '-j12'
     32    Making the compiler...
  >> 33    /usr/bin/env: 'python': No such file or directory
     34    Makefile:164: warning: overriding recipe for target '/tmp/root/spack-stage/spack-stage-chapel-1.20.0-kakxadtyo6ixdlkzoeumenwusispdn2q/spack-src/bin//chpl'
     35    Makefile:159: warning: ignoring old recipe for target '/tmp/root/spack-stage/spack-stage-chapel-1.20.0-kakxadtyo6ixdlkzoeumenwusispdn2q/spack-src/bin//chpl'
     36    Makefile:182: warning: overriding recipe for target '/tmp/root/spack-stage/spack-stage-chapel-1.20.0-kakxadtyo6ixdlkzoeumenwusispdn2q/spack-src/bin/'
     37    Makefile:179: warning: ignoring old recipe for target '/tmp/root/spack-stage/spack-stage-chapel-1.20.0-kakxadtyo6ixdlkzoeumenwusispdn2q/spack-src/bin/'
  >> 38    /tmp/root/spack-stage/spack-stage-chapel-1.20.0-kakxadtyo6ixdlkzoeumenwusispdn2q/spack-src/make/Makefile.base:178: /tmp/root/spack-stage/spack-stage-chapel-1.20.0-kakxadtyo6ixdlkzoeumenwusispdn2q/
           spack-src/third-party/llvm/Makefile.include-: No such file or directory
  >> 39    make[2]: *** No rule to make target '/tmp/root/spack-stage/spack-stage-chapel-1.20.0-kakxadtyo6ixdlkzoeumenwusispdn2q/spack-src/third-party/llvm/Makefile.include-'.  Stop.
     40    make[1]: *** [Makefile:76: compiler] Error 2
     41    make: *** [Makefile:60: comprt] Error 2

See build log for details:
  /tmp/root/spack-stage/spack-stage-chapel-1.20.0-kakxadtyo6ixdlkzoeumenwusispdn2q/spack-build-out.txt
